d:\kcf\dmbsystem\dmbsystem\x64\release\dmbsystem.pch
d:\kcf\dmbsystem\dmbsystem\x64\release\vc140.pdb
d:\kcf\dmbsystem\dmbsystem\x64\release\stdafx.obj
d:\kcf\dmbsystem\dmbsystem\x64\release\dmbsystemdlg.obj
d:\kcf\dmbsystem\dmbsystem\x64\release\dmbsystem.obj
d:\kcf\dmbsystem\dmbsystem\x64\release\kcftracker.obj
d:\kcf\dmbsystem\dmbsystem\x64\release\fhog.obj
d:\kcf\dmbsystem - 初始\dmbsystem\x64\release\dmbsystem.pch
d:\kcf\dmbsystem - 初始\dmbsystem\x64\release\vc140.pdb
d:\kcf\dmbsystem - 初始\dmbsystem\x64\release\stdafx.obj
d:\kcf\dmbsystem - 初始\dmbsystem\x64\release\dmbsystemdlg.obj
d:\kcf\dmbsystem - 初始\dmbsystem\x64\release\dmbsystem.obj
d:\kcf\dmbsystem - 初始\dmbsystem\x64\release\kcftracker.obj
d:\kcf\dmbsystem\x64\release\dmbsystem.exe
d:\kcf\dmbsystem\x64\release\dmbsystem.ipdb
d:\kcf\dmbsystem\x64\release\dmbsystem.iobj
d:\kcf\dmbsystem\x64\release\dmbsystem.pdb
d:\kcf\dmbsystem\dmbsystem\x64\release\dmbsystem.res
d:\kcf\dmbsystem - 初始\dmbsystem\x64\release\dmbsystem.res
d:\kcf\dmbsystem - 初始\dmbsystem\x64\release\fhog.obj
d:\kcf\dmbsystem - 初始\x64\release\dmbsystem.pdb
d:\kcf\dmbsystem - 初始\dmbsystem\x64\release\dmbsystem.tlog\cl.command.1.tlog
d:\kcf\dmbsystem - 初始\dmbsystem\x64\release\dmbsystem.tlog\cl.read.1.tlog
d:\kcf\dmbsystem - 初始\dmbsystem\x64\release\dmbsystem.tlog\cl.write.1.tlog
d:\kcf\dmbsystem - 初始\dmbsystem\x64\release\dmbsystem.tlog\link.command.1.tlog
d:\kcf\dmbsystem - 初始\dmbsystem\x64\release\dmbsystem.tlog\link.read.1.tlog
d:\kcf\dmbsystem - 初始\dmbsystem\x64\release\dmbsystem.tlog\link.write.1.tlog
d:\kcf\dmbsystem - 初始\dmbsystem\x64\release\dmbsystem.tlog\rc.command.1.tlog
d:\kcf\dmbsystem - 初始\dmbsystem\x64\release\dmbsystem.tlog\rc.read.1.tlog
d:\kcf\dmbsystem - 初始\dmbsystem\x64\release\dmbsystem.tlog\rc.write.1.tlog
