  kcftracker.cpp
d:\kcf\kcf+dsst单目标跟踪\kcfdemo\kcfdemo\labdata.hpp(17): warning C4838: 从“double”转换到“float”需要收缩转换
d:\kcf\kcf+dsst单目标跟踪\kcfdemo\kcfdemo\labdata.hpp(17): warning C4305: “初始化”: 从“double”到“float”截断
..\..\..\kcf\KCF+DSST单目标跟踪\KCFdemo\KCFdemo\kcftracker.cpp(103): warning C4305: “=”: 从“double”到“float”截断
..\..\..\kcf\KCF+DSST单目标跟踪\KCFdemo\KCFdemo\kcftracker.cpp(111): warning C4305: “=”: 从“double”到“float”截断
..\..\..\kcf\KCF+DSST单目标跟踪\KCFdemo\KCFdemo\kcftracker.cpp(112): warning C4305: “=”: 从“double”到“float”截断
..\..\..\kcf\KCF+DSST单目标跟踪\KCFdemo\KCFdemo\kcftracker.cpp(120): warning C4305: “=”: 从“double”到“float”截断
..\..\..\kcf\KCF+DSST单目标跟踪\KCFdemo\KCFdemo\kcftracker.cpp(121): warning C4305: “=”: 从“double”到“float”截断
..\..\..\kcf\KCF+DSST单目标跟踪\KCFdemo\KCFdemo\kcftracker.cpp(123): warning C4305: “=”: 从“double”到“float”截断
..\..\..\kcf\KCF+DSST单目标跟踪\KCFdemo\KCFdemo\kcftracker.cpp(134): warning C4305: “=”: 从“double”到“float”截断
..\..\..\kcf\KCF+DSST单目标跟踪\KCFdemo\KCFdemo\kcftracker.cpp(135): warning C4305: “=”: 从“double”到“float”截断
..\..\..\kcf\KCF+DSST单目标跟踪\KCFdemo\KCFdemo\kcftracker.cpp(149): warning C4305: “=”: 从“double”到“float”截断
..\..\..\kcf\KCF+DSST单目标跟踪\KCFdemo\KCFdemo\kcftracker.cpp(150): warning C4305: “=”: 从“double”到“float”截断
..\..\..\kcf\KCF+DSST单目标跟踪\KCFdemo\KCFdemo\kcftracker.cpp(195): warning C4244: “=”: 从“int”转换到“float”，可能丢失数据
..\..\..\kcf\KCF+DSST单目标跟踪\KCFdemo\KCFdemo\kcftracker.cpp(196): warning C4244: “=”: 从“int”转换到“float”，可能丢失数据
..\..\..\kcf\KCF+DSST单目标跟踪\KCFdemo\KCFdemo\kcftracker.cpp(249): warning C4244: “=”: 从“int”转换到“float”，可能丢失数据
..\..\..\kcf\KCF+DSST单目标跟踪\KCFdemo\KCFdemo\kcftracker.cpp(250): warning C4244: “=”: 从“int”转换到“float”，可能丢失数据
..\..\..\kcf\KCF+DSST单目标跟踪\KCFdemo\KCFdemo\kcftracker.cpp(398): warning C4244: “初始化”: 从“double”转换到“float”，可能丢失数据
..\..\..\kcf\KCF+DSST单目标跟踪\KCFdemo\KCFdemo\kcftracker.cpp(433): warning C4244: “初始化”: 从“float”转换到“int”，可能丢失数据
..\..\..\kcf\KCF+DSST单目标跟踪\KCFdemo\KCFdemo\kcftracker.cpp(434): warning C4244: “初始化”: 从“float”转换到“int”，可能丢失数据
..\..\..\kcf\KCF+DSST单目标跟踪\KCFdemo\KCFdemo\kcftracker.cpp(442): warning C4244: “=”: 从“float”转换到“int”，可能丢失数据
..\..\..\kcf\KCF+DSST单目标跟踪\KCFdemo\KCFdemo\kcftracker.cpp(443): warning C4244: “=”: 从“float”转换到“int”，可能丢失数据
..\..\..\kcf\KCF+DSST单目标跟踪\KCFdemo\KCFdemo\kcftracker.cpp(477): warning C4244: “=”: 从“float”转换到“int”，可能丢失数据
..\..\..\kcf\KCF+DSST单目标跟踪\KCFdemo\KCFdemo\kcftracker.cpp(478): warning C4244: “=”: 从“float”转换到“int”，可能丢失数据
..\..\..\kcf\KCF+DSST单目标跟踪\KCFdemo\KCFdemo\kcftracker.cpp(482): warning C4244: “=”: 从“float”转换到“int”，可能丢失数据
..\..\..\kcf\KCF+DSST单目标跟踪\KCFdemo\KCFdemo\kcftracker.cpp(483): warning C4244: “=”: 从“float”转换到“int”，可能丢失数据
..\..\..\kcf\KCF+DSST单目标跟踪\KCFdemo\KCFdemo\kcftracker.cpp(547): warning C4244: “+=”: 从“double”转换到“float”，可能丢失数据
..\..\..\kcf\KCF+DSST单目标跟踪\KCFdemo\KCFdemo\kcftracker.cpp(586): warning C4244: “=”: 从“double”转换到“float”，可能丢失数据
..\..\..\kcf\KCF+DSST单目标跟踪\KCFdemo\KCFdemo\kcftracker.cpp(588): warning C4244: “=”: 从“double”转换到“float”，可能丢失数据
..\..\..\kcf\KCF+DSST单目标跟踪\KCFdemo\KCFdemo\kcftracker.cpp(622): warning C4244: “return”: 从“double”转换到“float”，可能丢失数据
  正在生成代码
  79 of 799 functions ( 9.9%) were compiled, the rest were copied from previous compilation.
    2 functions were new in current compilation
    8 functions had inline decision re-evaluated but remain unchanged
  已完成代码的生成
  DMBSystem.vcxproj -> D:\kcf\DMBSystem - 初始\x64\Release\DMBSystem.exe
